Copyright 1986-2020 Xilinx, Inc. All Rights Reserved.
------------------------------------------------------------------------------------------------------------------------------------------
| Tool Version : Vivado v.2020.2 (win64) Build 3064766 Wed Nov 18 09:12:45 MST 2020
| Date         : Thu Jun 17 21:48:44 2021
| Host         : DESKTOP-09VART8 running 64-bit major release  (build 9200)
| Command      : report_drc -file mb_design_wrapper_drc_opted.rpt -pb mb_design_wrapper_drc_opted.pb -rpx mb_design_wrapper_drc_opted.rpx
| Design       : mb_design_wrapper
| Device       : xc7a100tcsg324-1
| Speed File   : -1
| Design State : Synthesized
------------------------------------------------------------------------------------------------------------------------------------------

Report DRC

Table of Contents
-----------------
1. REPORT SUMMARY
2. REPORT DETAILS

1. REPORT SUMMARY
-----------------
            Netlist: netlist
          Floorplan: design_1
      Design limits: <entire design considered>
           Ruledeck: default
             Max violations: <unlimited>
             Violations found: 21
+--------+----------+------------------------+------------+
| Rule   | Severity | Description            | Violations |
+--------+----------+------------------------+------------+
| DPIP-1 | Warning  | Input pipelining       | 1          |
| DPOP-1 | Warning  | PREG Output pipelining | 10         |
| DPOP-2 | Warning  | MREG Output pipelining | 10         |
+--------+----------+------------------------+------------+

2. REPORT DETAILS
-----------------
DPIP-1#1 Warning
Input pipelining  
DSP mb_design_i/LNG_0/U0/LNG_v1_0_S00_AXI_inst/LNGMainBlock/gen_LNG_blocks[0].NORMAL_ITER.LNGBasic/alu1/ALU_Result0 input mb_design_i/LNG_0/U0/LNG_v1_0_S00_AXI_inst/LNGMainBlock/gen_LNG_blocks[0].NORMAL_ITER.LNGBasic/alu1/ALU_Result0/B[17:0] is not pipelined. Pipelining DSP48 input will improve performance.
Related violations: <none>

DPOP-1#1 Warning
PREG Output pipelining  
DSP mb_design_i/LNG_0/U0/LNG_v1_0_S00_AXI_inst/LNGMainBlock/gen_LNG_blocks[0].NORMAL_ITER.LNGBasic/alu1/ALU_Result0 output mb_design_i/LNG_0/U0/LNG_v1_0_S00_AXI_inst/LNGMainBlock/gen_LNG_blocks[0].NORMAL_ITER.LNGBasic/alu1/ALU_Result0/P[47:0] is not pipelined (PREG=0). Pipelining the DSP48 output will improve performance and often saves power so it is suggested whenever possible to fully pipeline this function.  If this DSP48 function was inferred, it is suggested to describe an additional register stage after this function.  If the DSP48 was instantiated in the design, it is suggested to set the PREG attribute to 1.
Related violations: <none>

DPOP-1#2 Warning
PREG Output pipelining  
DSP mb_design_i/LNG_0/U0/LNG_v1_0_S00_AXI_inst/LNGMainBlock/gen_LNG_blocks[1].NORMAL_ITER.LNGBasic/alu1/ALU_Result0 output mb_design_i/LNG_0/U0/LNG_v1_0_S00_AXI_inst/LNGMainBlock/gen_LNG_blocks[1].NORMAL_ITER.LNGBasic/alu1/ALU_Result0/P[47:0] is not pipelined (PREG=0). Pipelining the DSP48 output will improve performance and often saves power so it is suggested whenever possible to fully pipeline this function.  If this DSP48 function was inferred, it is suggested to describe an additional register stage after this function.  If the DSP48 was instantiated in the design, it is suggested to set the PREG attribute to 1.
Related violations: <none>

DPOP-1#3 Warning
PREG Output pipelining  
DSP mb_design_i/LNG_0/U0/LNG_v1_0_S00_AXI_inst/LNGMainBlock/gen_LNG_blocks[2].NORMAL_ITER.LNGBasic/alu1/ALU_Result0 output mb_design_i/LNG_0/U0/LNG_v1_0_S00_AXI_inst/LNGMainBlock/gen_LNG_blocks[2].NORMAL_ITER.LNGBasic/alu1/ALU_Result0/P[47:0] is not pipelined (PREG=0). Pipelining the DSP48 output will improve performance and often saves power so it is suggested whenever possible to fully pipeline this function.  If this DSP48 function was inferred, it is suggested to describe an additional register stage after this function.  If the DSP48 was instantiated in the design, it is suggested to set the PREG attribute to 1.
Related violations: <none>

DPOP-1#4 Warning
PREG Output pipelining  
DSP mb_design_i/LNG_0/U0/LNG_v1_0_S00_AXI_inst/LNGMainBlock/gen_LNG_blocks[3].NORMAL_ITER.LNGBasic/alu1/ALU_Result0 output mb_design_i/LNG_0/U0/LNG_v1_0_S00_AXI_inst/LNGMainBlock/gen_LNG_blocks[3].NORMAL_ITER.LNGBasic/alu1/ALU_Result0/P[47:0] is not pipelined (PREG=0). Pipelining the DSP48 output will improve performance and often saves power so it is suggested whenever possible to fully pipeline this function.  If this DSP48 function was inferred, it is suggested to describe an additional register stage after this function.  If the DSP48 was instantiated in the design, it is suggested to set the PREG attribute to 1.
Related violations: <none>

DPOP-1#5 Warning
PREG Output pipelining  
DSP mb_design_i/LNG_0/U0/LNG_v1_0_S00_AXI_inst/LNGMainBlock/gen_LNG_blocks[4].NORMAL_ITER.LNGBasic/alu1/ALU_Result0 output mb_design_i/LNG_0/U0/LNG_v1_0_S00_AXI_inst/LNGMainBlock/gen_LNG_blocks[4].NORMAL_ITER.LNGBasic/alu1/ALU_Result0/P[47:0] is not pipelined (PREG=0). Pipelining the DSP48 output will improve performance and often saves power so it is suggested whenever possible to fully pipeline this function.  If this DSP48 function was inferred, it is suggested to describe an additional register stage after this function.  If the DSP48 was instantiated in the design, it is suggested to set the PREG attribute to 1.
Related violations: <none>

DPOP-1#6 Warning
PREG Output pipelining  
DSP mb_design_i/LNG_0/U0/LNG_v1_0_S00_AXI_inst/LNGMainBlock/gen_LNG_blocks[5].NORMAL_ITER.LNGBasic/alu1/ALU_Result0 output mb_design_i/LNG_0/U0/LNG_v1_0_S00_AXI_inst/LNGMainBlock/gen_LNG_blocks[5].NORMAL_ITER.LNGBasic/alu1/ALU_Result0/P[47:0] is not pipelined (PREG=0). Pipelining the DSP48 output will improve performance and often saves power so it is suggested whenever possible to fully pipeline this function.  If this DSP48 function was inferred, it is suggested to describe an additional register stage after this function.  If the DSP48 was instantiated in the design, it is suggested to set the PREG attribute to 1.
Related violations: <none>

DPOP-1#7 Warning
PREG Output pipelining  
DSP mb_design_i/LNG_0/U0/LNG_v1_0_S00_AXI_inst/LNGMainBlock/gen_LNG_blocks[6].NORMAL_ITER.LNGBasic/alu1/ALU_Result0 output mb_design_i/LNG_0/U0/LNG_v1_0_S00_AXI_inst/LNGMainBlock/gen_LNG_blocks[6].NORMAL_ITER.LNGBasic/alu1/ALU_Result0/P[47:0] is not pipelined (PREG=0). Pipelining the DSP48 output will improve performance and often saves power so it is suggested whenever possible to fully pipeline this function.  If this DSP48 function was inferred, it is suggested to describe an additional register stage after this function.  If the DSP48 was instantiated in the design, it is suggested to set the PREG attribute to 1.
Related violations: <none>

DPOP-1#8 Warning
PREG Output pipelining  
DSP mb_design_i/LNG_0/U0/LNG_v1_0_S00_AXI_inst/LNGMainBlock/gen_LNG_blocks[7].NORMAL_ITER.LNGBasic/alu1/ALU_Result0 output mb_design_i/LNG_0/U0/LNG_v1_0_S00_AXI_inst/LNGMainBlock/gen_LNG_blocks[7].NORMAL_ITER.LNGBasic/alu1/ALU_Result0/P[47:0] is not pipelined (PREG=0). Pipelining the DSP48 output will improve performance and often saves power so it is suggested whenever possible to fully pipeline this function.  If this DSP48 function was inferred, it is suggested to describe an additional register stage after this function.  If the DSP48 was instantiated in the design, it is suggested to set the PREG attribute to 1.
Related violations: <none>

DPOP-1#9 Warning
PREG Output pipelining  
DSP mb_design_i/LNG_0/U0/LNG_v1_0_S00_AXI_inst/LNGMainBlock/gen_LNG_blocks[8].NORMAL_ITER.LNGBasic/alu1/ALU_Result0 output mb_design_i/LNG_0/U0/LNG_v1_0_S00_AXI_inst/LNGMainBlock/gen_LNG_blocks[8].NORMAL_ITER.LNGBasic/alu1/ALU_Result0/P[47:0] is not pipelined (PREG=0). Pipelining the DSP48 output will improve performance and often saves power so it is suggested whenever possible to fully pipeline this function.  If this DSP48 function was inferred, it is suggested to describe an additional register stage after this function.  If the DSP48 was instantiated in the design, it is suggested to set the PREG attribute to 1.
Related violations: <none>

DPOP-1#10 Warning
PREG Output pipelining  
DSP mb_design_i/LNG_0/U0/LNG_v1_0_S00_AXI_inst/LNGMainBlock/gen_LNG_blocks[9].LAST_ITER.LNGBasic/alu1/ALU_Result0 output mb_design_i/LNG_0/U0/LNG_v1_0_S00_AXI_inst/LNGMainBlock/gen_LNG_blocks[9].LAST_ITER.LNGBasic/alu1/ALU_Result0/P[47:0] is not pipelined (PREG=0). Pipelining the DSP48 output will improve performance and often saves power so it is suggested whenever possible to fully pipeline this function.  If this DSP48 function was inferred, it is suggested to describe an additional register stage after this function.  If the DSP48 was instantiated in the design, it is suggested to set the PREG attribute to 1.
Related violations: <none>

DPOP-2#1 Warning
MREG Output pipelining  
DSP mb_design_i/LNG_0/U0/LNG_v1_0_S00_AXI_inst/LNGMainBlock/gen_LNG_blocks[0].NORMAL_ITER.LNGBasic/alu1/ALU_Result0 multiplier stage mb_design_i/LNG_0/U0/LNG_v1_0_S00_AXI_inst/LNGMainBlock/gen_LNG_blocks[0].NORMAL_ITER.LNGBasic/alu1/ALU_Result0/P[47:0] is not pipelined (MREG=0). Pipelining the multiplier function will improve performance and will save significant power so it is suggested whenever possible to fully pipeline this function.  If this multiplier was inferred, it is suggested to describe an additional register stage after this function.  If there is no registered adder/accumulator following the multiply function, two pipeline stages are suggested to allow both the MREG and PREG registers to be used.  If the DSP48 was instantiated in the design, it is suggested to set both the MREG and PREG attributes to 1 when performing multiply functions.
Related violations: <none>

DPOP-2#2 Warning
MREG Output pipelining  
DSP mb_design_i/LNG_0/U0/LNG_v1_0_S00_AXI_inst/LNGMainBlock/gen_LNG_blocks[1].NORMAL_ITER.LNGBasic/alu1/ALU_Result0 multiplier stage mb_design_i/LNG_0/U0/LNG_v1_0_S00_AXI_inst/LNGMainBlock/gen_LNG_blocks[1].NORMAL_ITER.LNGBasic/alu1/ALU_Result0/P[47:0] is not pipelined (MREG=0). Pipelining the multiplier function will improve performance and will save significant power so it is suggested whenever possible to fully pipeline this function.  If this multiplier was inferred, it is suggested to describe an additional register stage after this function.  If there is no registered adder/accumulator following the multiply function, two pipeline stages are suggested to allow both the MREG and PREG registers to be used.  If the DSP48 was instantiated in the design, it is suggested to set both the MREG and PREG attributes to 1 when performing multiply functions.
Related violations: <none>

DPOP-2#3 Warning
MREG Output pipelining  
DSP mb_design_i/LNG_0/U0/LNG_v1_0_S00_AXI_inst/LNGMainBlock/gen_LNG_blocks[2].NORMAL_ITER.LNGBasic/alu1/ALU_Result0 multiplier stage mb_design_i/LNG_0/U0/LNG_v1_0_S00_AXI_inst/LNGMainBlock/gen_LNG_blocks[2].NORMAL_ITER.LNGBasic/alu1/ALU_Result0/P[47:0] is not pipelined (MREG=0). Pipelining the multiplier function will improve performance and will save significant power so it is suggested whenever possible to fully pipeline this function.  If this multiplier was inferred, it is suggested to describe an additional register stage after this function.  If there is no registered adder/accumulator following the multiply function, two pipeline stages are suggested to allow both the MREG and PREG registers to be used.  If the DSP48 was instantiated in the design, it is suggested to set both the MREG and PREG attributes to 1 when performing multiply functions.
Related violations: <none>

DPOP-2#4 Warning
MREG Output pipelining  
DSP mb_design_i/LNG_0/U0/LNG_v1_0_S00_AXI_inst/LNGMainBlock/gen_LNG_blocks[3].NORMAL_ITER.LNGBasic/alu1/ALU_Result0 multiplier stage mb_design_i/LNG_0/U0/LNG_v1_0_S00_AXI_inst/LNGMainBlock/gen_LNG_blocks[3].NORMAL_ITER.LNGBasic/alu1/ALU_Result0/P[47:0] is not pipelined (MREG=0). Pipelining the multiplier function will improve performance and will save significant power so it is suggested whenever possible to fully pipeline this function.  If this multiplier was inferred, it is suggested to describe an additional register stage after this function.  If there is no registered adder/accumulator following the multiply function, two pipeline stages are suggested to allow both the MREG and PREG registers to be used.  If the DSP48 was instantiated in the design, it is suggested to set both the MREG and PREG attributes to 1 when performing multiply functions.
Related violations: <none>

DPOP-2#5 Warning
MREG Output pipelining  
DSP mb_design_i/LNG_0/U0/LNG_v1_0_S00_AXI_inst/LNGMainBlock/gen_LNG_blocks[4].NORMAL_ITER.LNGBasic/alu1/ALU_Result0 multiplier stage mb_design_i/LNG_0/U0/LNG_v1_0_S00_AXI_inst/LNGMainBlock/gen_LNG_blocks[4].NORMAL_ITER.LNGBasic/alu1/ALU_Result0/P[47:0] is not pipelined (MREG=0). Pipelining the multiplier function will improve performance and will save significant power so it is suggested whenever possible to fully pipeline this function.  If this multiplier was inferred, it is suggested to describe an additional register stage after this function.  If there is no registered adder/accumulator following the multiply function, two pipeline stages are suggested to allow both the MREG and PREG registers to be used.  If the DSP48 was instantiated in the design, it is suggested to set both the MREG and PREG attributes to 1 when performing multiply functions.
Related violations: <none>

DPOP-2#6 Warning
MREG Output pipelining  
DSP mb_design_i/LNG_0/U0/LNG_v1_0_S00_AXI_inst/LNGMainBlock/gen_LNG_blocks[5].NORMAL_ITER.LNGBasic/alu1/ALU_Result0 multiplier stage mb_design_i/LNG_0/U0/LNG_v1_0_S00_AXI_inst/LNGMainBlock/gen_LNG_blocks[5].NORMAL_ITER.LNGBasic/alu1/ALU_Result0/P[47:0] is not pipelined (MREG=0). Pipelining the multiplier function will improve performance and will save significant power so it is suggested whenever possible to fully pipeline this function.  If this multiplier was inferred, it is suggested to describe an additional register stage after this function.  If there is no registered adder/accumulator following the multiply function, two pipeline stages are suggested to allow both the MREG and PREG registers to be used.  If the DSP48 was instantiated in the design, it is suggested to set both the MREG and PREG attributes to 1 when performing multiply functions.
Related violations: <none>

DPOP-2#7 Warning
MREG Output pipelining  
DSP mb_design_i/LNG_0/U0/LNG_v1_0_S00_AXI_inst/LNGMainBlock/gen_LNG_blocks[6].NORMAL_ITER.LNGBasic/alu1/ALU_Result0 multiplier stage mb_design_i/LNG_0/U0/LNG_v1_0_S00_AXI_inst/LNGMainBlock/gen_LNG_blocks[6].NORMAL_ITER.LNGBasic/alu1/ALU_Result0/P[47:0] is not pipelined (MREG=0). Pipelining the multiplier function will improve performance and will save significant power so it is suggested whenever possible to fully pipeline this function.  If this multiplier was inferred, it is suggested to describe an additional register stage after this function.  If there is no registered adder/accumulator following the multiply function, two pipeline stages are suggested to allow both the MREG and PREG registers to be used.  If the DSP48 was instantiated in the design, it is suggested to set both the MREG and PREG attributes to 1 when performing multiply functions.
Related violations: <none>

DPOP-2#8 Warning
MREG Output pipelining  
DSP mb_design_i/LNG_0/U0/LNG_v1_0_S00_AXI_inst/LNGMainBlock/gen_LNG_blocks[7].NORMAL_ITER.LNGBasic/alu1/ALU_Result0 multiplier stage mb_design_i/LNG_0/U0/LNG_v1_0_S00_AXI_inst/LNGMainBlock/gen_LNG_blocks[7].NORMAL_ITER.LNGBasic/alu1/ALU_Result0/P[47:0] is not pipelined (MREG=0). Pipelining the multiplier function will improve performance and will save significant power so it is suggested whenever possible to fully pipeline this function.  If this multiplier was inferred, it is suggested to describe an additional register stage after this function.  If there is no registered adder/accumulator following the multiply function, two pipeline stages are suggested to allow both the MREG and PREG registers to be used.  If the DSP48 was instantiated in the design, it is suggested to set both the MREG and PREG attributes to 1 when performing multiply functions.
Related violations: <none>

DPOP-2#9 Warning
MREG Output pipelining  
DSP mb_design_i/LNG_0/U0/LNG_v1_0_S00_AXI_inst/LNGMainBlock/gen_LNG_blocks[8].NORMAL_ITER.LNGBasic/alu1/ALU_Result0 multiplier stage mb_design_i/LNG_0/U0/LNG_v1_0_S00_AXI_inst/LNGMainBlock/gen_LNG_blocks[8].NORMAL_ITER.LNGBasic/alu1/ALU_Result0/P[47:0] is not pipelined (MREG=0). Pipelining the multiplier function will improve performance and will save significant power so it is suggested whenever possible to fully pipeline this function.  If this multiplier was inferred, it is suggested to describe an additional register stage after this function.  If there is no registered adder/accumulator following the multiply function, two pipeline stages are suggested to allow both the MREG and PREG registers to be used.  If the DSP48 was instantiated in the design, it is suggested to set both the MREG and PREG attributes to 1 when performing multiply functions.
Related violations: <none>

DPOP-2#10 Warning
MREG Output pipelining  
DSP mb_design_i/LNG_0/U0/LNG_v1_0_S00_AXI_inst/LNGMainBlock/gen_LNG_blocks[9].LAST_ITER.LNGBasic/alu1/ALU_Result0 multiplier stage mb_design_i/LNG_0/U0/LNG_v1_0_S00_AXI_inst/LNGMainBlock/gen_LNG_blocks[9].LAST_ITER.LNGBasic/alu1/ALU_Result0/P[47:0] is not pipelined (MREG=0). Pipelining the multiplier function will improve performance and will save significant power so it is suggested whenever possible to fully pipeline this function.  If this multiplier was inferred, it is suggested to describe an additional register stage after this function.  If there is no registered adder/accumulator following the multiply function, two pipeline stages are suggested to allow both the MREG and PREG registers to be used.  If the DSP48 was instantiated in the design, it is suggested to set both the MREG and PREG attributes to 1 when performing multiply functions.
Related violations: <none>


